# JRE version: Java(TM) SE Runtime Environment (9.0+11) (build 9.0.4+11)
# Java VM: Java HotSpot(TM) 64-Bit Server VM (9.0.4+11, mixed mode, tiered, compressed oops, g1 gc, windows-amd64)
Heap:
 garbage-first heap   total 317440K, used 95063K [0x0000000700000000, 0x00000007001009b0, 0x00000007c0000000)
  region size 1024K, 1 young (1024K), 0 survivors (0K)
 Metaspace       used 96338K, capacity 99286K, committed 105264K, reserved 1138688K
  class space    used 13315K, capacity 13879K, committed 15152K, reserved 1048576K
GC Heap History (10 events):
Event: 6255.237 GC heap before
{Heap before GC invocations=1006 (full 176):
 garbage-first heap   total 397312K, used 182243K [0x0000000700000000, 0x0000000700100c20, 0x00000007c0000000)
  region size 1024K, 60 young (61440K), 1 survivors (1024K)
 Metaspace       used 96333K, capacity 99280K, committed 105264K, reserved 1138688K
  class space    used 13315K, capacity 13878K, committed 15152K, reserved 1048576K
}
Event: 6255.239 GC heap after
{Heap after GC invocations=1007 (full 176):
 garbage-first heap   total 397312K, used 121927K [0x0000000700000000, 0x0000000700100c20, 0x00000007c0000000)
  region size 1024K, 1 young (1024K), 1 survivors (1024K)
 Metaspace       used 96333K, capacity 99280K, committed 105264K, reserved 1138688K
  class space    used 13315K, capacity 13878K, committed 15152K, reserved 1048576K
}
Event: 6255.996 GC heap before
{Heap before GC invocations=1007 (full 176):
 garbage-first heap   total 397312K, used 182343K [0x0000000700000000, 0x0000000700100c20, 0x00000007c0000000)
  region size 1024K, 60 young (61440K), 1 survivors (1024K)
 Metaspace       used 96333K, capacity 99280K, committed 105264K, reserved 1138688K
  class space    used 13315K, capacity 13878K, committed 15152K, reserved 1048576K
}
Event: 6255.998 GC heap after
{Heap after GC invocations=1008 (full 176):
 garbage-first heap   total 397312K, used 121894K [0x0000000700000000, 0x0000000700100c20, 0x00000007c0000000)
  region size 1024K, 1 young (1024K), 1 survivors (1024K)
 Metaspace       used 96333K, capacity 99280K, committed 105264K, reserved 1138688K
  class space    used 13315K, capacity 13878K, committed 15152K, reserved 1048576K
}
Event: 6257.757 GC heap before
{Heap before GC invocations=1008 (full 176):
 garbage-first heap   total 397312K, used 148518K [0x0000000700000000, 0x0000000700100c20, 0x00000007c0000000)
  region size 1024K, 28 young (28672K), 1 survivors (1024K)
 Metaspace       used 96338K, capacity 99286K, committed 105264K, reserved 1138688K
  class space    used 13315K, capacity 13879K, committed 15152K, reserved 1048576K
}
Event: 6257.760 GC heap after
{Heap after GC invocations=1009 (full 176):
 garbage-first heap   total 397312K, used 122149K [0x0000000700000000, 0x0000000700100c20, 0x00000007c0000000)
  region size 1024K, 2 young (2048K), 2 survivors (2048K)
 Metaspace       used 96338K, capacity 99286K, committed 105264K, reserved 1138688K
  class space    used 13315K, capacity 13879K, committed 15152K, reserved 1048576K
}
Event: 6258.672 GC heap before
{Heap before GC invocations=1009 (full 176):
 garbage-first heap   total 397312K, used 132389K [0x0000000700000000, 0x0000000700100c20, 0x00000007c0000000)
  region size 1024K, 13 young (13312K), 2 survivors (2048K)
 Metaspace       used 96338K, capacity 99286K, committed 105264K, reserved 1138688K
  class space    used 13315K, capacity 13879K, committed 15152K, reserved 1048576K
}
Event: 6258.920 GC heap after
{Heap after GC invocations=1010 (full 177):
 garbage-first heap   total 321536K, used 96180K [0x0000000700000000, 0x00000007001009d0, 0x00000007c0000000)
  region size 1024K, 0 young (0K), 0 survivors (0K)
 Metaspace       used 96338K, capacity 99286K, committed 105264K, reserved 1138688K
  class space    used 13315K, capacity 13879K, committed 15152K, reserved 1048576K
}
Event: 6260.754 GC heap before
{Heap before GC invocations=1010 (full 177):
 garbage-first heap   total 321536K, used 137140K [0x0000000700000000, 0x00000007001009d0, 0x00000007c0000000)
  region size 1024K, 41 young (41984K), 0 survivors (0K)
 Metaspace       used 96338K, capacity 99286K, committed 105264K, reserved 1138688K
  class space    used 13315K, capacity 13879K, committed 15152K, reserved 1048576K
}
Event: 6260.979 GC heap after
{Heap after GC invocations=1011 (full 178):
 garbage-first heap   total 317440K, used 95063K [0x0000000700000000, 0x00000007001009b0, 0x00000007c0000000)
  region size 1024K, 0 young (0K), 0 survivors (0K)
 Metaspace       used 96338K, capacity 99286K, committed 105264K, reserved 1138688K
  class space    used 13315K, capacity 13879K, committed 15152K, reserved 1048576K
}

